Warning: you requested the nanomsg event logger, but bmv2 was compiled without -DBMELOG, and the event logger cannot be activated
Calling target program-options parser
[07:02:22.090] [bmv2] [D] [thread 15203] Set default default entry for table 'tbl_act': act - 
[07:02:22.090] [bmv2] [D] [thread 15203] Set default default entry for table 'MyIngress.update_geometric_min_filter': MyIngress._update_geometric_min_filter - 
[07:02:22.090] [bmv2] [D] [thread 15203] Set default default entry for table 'MyIngress.drop_table': MyIngress.drop - 
[07:02:22.090] [bmv2] [D] [thread 15203] Set default default entry for table 'tbl_forwarding223': forwarding223 - 
[07:02:22.090] [bmv2] [D] [thread 15203] Set default default entry for table 'MyIngress.ipv4_lpm': NoAction - 
Adding interface s3-eth1 as port 1
[07:02:22.091] [bmv2] [D] [thread 15203] Adding interface s3-eth1 as port 1
Adding interface s3-eth2 as port 2
[07:02:22.163] [bmv2] [D] [thread 15203] Adding interface s3-eth2 as port 2
Adding interface s3-eth3 as port 3
[07:02:22.276] [bmv2] [D] [thread 15203] Adding interface s3-eth3 as port 3
[07:02:22.349] [bmv2] [I] [thread 15203] Starting Thrift server on port 9092
[07:02:22.349] [bmv2] [I] [thread 15203] Thrift server was started
[07:02:22.350] [bmv2] [D] [thread 15213] [0.0] [cxt 0] Processing packet received on port 1
[07:02:22.350] [bmv2] [D] [thread 15213] [0.0] [cxt 0] Parser 'parser': start
[07:02:22.350] [bmv2] [D] [thread 15213] [0.0] [cxt 0] Parser 'parser' entering state 'start'
[07:02:22.350] [bmv2] [D] [thread 15213] [0.0] [cxt 0] Extracting header 'ethernet'
[07:02:22.350] [bmv2] [D] [thread 15213] [0.0] [cxt 0] Parser state 'start': key is 86dd
[07:02:22.350] [bmv2] [T] [thread 15213] [0.0] [cxt 0] Bytes parsed: 14
[07:02:22.350] [bmv2] [D] [thread 15213] [0.0] [cxt 0] Parser 'parser': end
[07:02:22.350] [bmv2] [D] [thread 15213] [0.0] [cxt 0] Pipeline 'ingress': start
[07:02:22.350] [bmv2] [T] [thread 15213] [0.0] [cxt 0] Applying table 'tbl_act'
[07:02:22.350] [bmv2] [D] [thread 15213] [0.0] [cxt 0] Looking up key:

[07:02:22.350] [bmv2] [D] [thread 15213] [0.0] [cxt 0] Table 'tbl_act': miss
[07:02:22.350] [bmv2] [D] [thread 15213] [0.0] [cxt 0] Action entry is act - 
[07:02:22.350] [bmv2] [T] [thread 15213] [0.0] [cxt 0] Action act
[07:02:22.350] [bmv2] [T] [thread 15213] [0.0] [cxt 0] Primitive (no source info)
[07:02:22.350] [bmv2] [T] [thread 15213] [0.0] [cxt 0] forwarding.p4(217) Condition "hdr.ipv4.isValid()" (node_3) is false
[07:02:22.350] [bmv2] [D] [thread 15213] [0.0] [cxt 0] Pipeline 'ingress': end
[07:02:22.350] [bmv2] [D] [thread 15213] [0.0] [cxt 0] Egress port is 0
[07:02:22.350] [bmv2] [D] [thread 15214] [0.0] [cxt 0] Pipeline 'egress': start
[07:02:22.350] [bmv2] [D] [thread 15214] [0.0] [cxt 0] Pipeline 'egress': end
[07:02:22.350] [bmv2] [D] [thread 15214] [0.0] [cxt 0] Deparser 'deparser': start
[07:02:22.350] [bmv2] [T] [thread 15214] [0.0] [cxt 0] Skipping checksum 'cksum' update because condition not met
[07:02:22.350] [bmv2] [D] [thread 15214] [0.0] [cxt 0] Deparsing header 'ethernet'
[07:02:22.351] [bmv2] [D] [thread 15214] [0.0] [cxt 0] Deparser 'deparser': end
[07:02:22.351] [bmv2] [D] [thread 15218] [0.0] [cxt 0] Transmitting packet of size 90 out of port 0
[07:02:24.211] [bmv2] [T] [thread 15297] bm_get_config
[07:02:24.213] [bmv2] [T] [thread 15297] bm_set_default_action
[07:02:24.213] [bmv2] [D] [thread 15297] Set default entry for table 'MyIngress.ipv4_lpm': MyIngress.drop - 
[07:02:24.213] [bmv2] [T] [thread 15297] bm_table_add_entry
[07:02:24.214] [bmv2] [D] [thread 15297] Entry 0 added to table 'MyIngress.ipv4_lpm'
[07:02:24.214] [bmv2] [D] [thread 15297] Dumping entry 0
Match key:
* hdr.ipv4.dstAddr    : LPM       0a000000/16
Action entry: MyIngress.ipv4_forward - 10300,1,

[07:02:24.214] [bmv2] [T] [thread 15297] bm_table_add_entry
[07:02:24.214] [bmv2] [D] [thread 15297] Entry 1 added to table 'MyIngress.ipv4_lpm'
[07:02:24.214] [bmv2] [D] [thread 15297] Dumping entry 1
Match key:
* hdr.ipv4.dstAddr    : LPM       0a000303/32
Action entry: MyIngress.ipv4_forward - a000303,2,

[07:02:24.215] [bmv2] [T] [thread 15297] bm_table_add_entry
[07:02:24.215] [bmv2] [D] [thread 15297] Entry 2 added to table 'MyIngress.ipv4_lpm'
[07:02:24.215] [bmv2] [D] [thread 15297] Dumping entry 2
Match key:
* hdr.ipv4.dstAddr    : LPM       0a000304/32
Action entry: MyIngress.ipv4_forward - a000304,3,

[07:04:04.419] [bmv2] [T] [thread 15571] bm_get_config
[07:04:04.419] [bmv2] [T] [thread 15571] bm_mt_get_entries
[07:04:04.419] [bmv2] [T] [thread 15571] bm_mt_get_entries
[07:04:04.420] [bmv2] [T] [thread 15571] bm_mt_get_entries
[07:04:04.420] [bmv2] [T] [thread 15571] bm_mt_get_entries
[07:04:04.420] [bmv2] [T] [thread 15571] bm_mt_get_entries
[07:04:04.425] [bmv2] [T] [thread 15571] bm_mgmt_get_info
open: No such file or directory
open: No such file or directory
open: No such file or directory
[07:08:09.441] [bmv2] [T] [thread 15571] bm_learning_ack_buffer
open: No such file or directory
open: No such file or directory
open: No such file or directory
